Determining if the pthread_create exist failed with the following output:
Change Dir: /home/kris/ROS/RSND/Project4_MapMyWorld/catkin_ws/build/CMakeFiles/CMakeTmp

Run Build Command:"/usr/bin/make" "cmTC_fd349/fast"
/usr/bin/make -f CMakeFiles/cmTC_fd349.dir/build.make CMakeFiles/cmTC_fd349.dir/build
make[1]: Entering directory '/home/kris/ROS/RSND/Project4_MapMyWorld/catkin_ws/build/CMakeFiles/CMakeTmp'
Building C object CMakeFiles/cmTC_fd349.dir/CheckSymbolExists.c.o
/usr/bin/cc     -o CMakeFiles/cmTC_fd349.dir/CheckSymbolExists.c.o   -c /home/kris/ROS/RSND/Project4_MapMyWorld/catkin_ws/build/CMakeFiles/CMakeTmp/CheckSymbolExists.c
Linking C executable cmTC_fd349
/usr/bin/cmake -E cmake_link_script CMakeFiles/cmTC_fd349.dir/link.txt --verbose=1
/usr/bin/cc       CMakeFiles/cmTC_fd349.dir/CheckSymbolExists.c.o  -o cmTC_fd349 -rdynamic 
CMakeFiles/cmTC_fd349.dir/CheckSymbolExists.c.o: In function `main':
CheckSymbolExists.c:(.text+0x16): undefined reference to `pthread_create'
collect2: error: ld returned 1 exit status
CMakeFiles/cmTC_fd349.dir/build.make:97: recipe for target 'cmTC_fd349' failed
make[1]: *** [cmTC_fd349] Error 1
make[1]: Leaving directory '/home/kris/ROS/RSND/Project4_MapMyWorld/catkin_ws/build/CMakeFiles/CMakeTmp'
Makefile:126: recipe for target 'cmTC_fd349/fast' failed
make: *** [cmTC_fd349/fast] Error 2

File /home/kris/ROS/RSND/Project4_MapMyWorld/catkin_ws/build/CMakeFiles/CMakeTmp/CheckSymbolExists.c:
/* */
#include <pthread.h>

int main(int argc, char** argv)
{
  (void)argv;
#ifndef pthread_create
  return ((int*)(&pthread_create))[argc];
#else
  (void)argc;
  return 0;
#endif
}

Determining if the function pthread_create exists in the pthreads failed with the following output:
Change Dir: /home/kris/ROS/RSND/Project4_MapMyWorld/catkin_ws/build/CMakeFiles/CMakeTmp

Run Build Command:"/usr/bin/make" "cmTC_a92eb/fast"
/usr/bin/make -f CMakeFiles/cmTC_a92eb.dir/build.make CMakeFiles/cmTC_a92eb.dir/build
make[1]: Entering directory '/home/kris/ROS/RSND/Project4_MapMyWorld/catkin_ws/build/CMakeFiles/CMakeTmp'
Building C object CMakeFiles/cmTC_a92eb.dir/CheckFunctionExists.c.o
/usr/bin/cc    -DCHECK_FUNCTION_EXISTS=pthread_create   -o CMakeFiles/cmTC_a92eb.dir/CheckFunctionExists.c.o   -c /usr/share/cmake-3.5/Modules/CheckFunctionExists.c
Linking C executable cmTC_a92eb
/usr/bin/cmake -E cmake_link_script CMakeFiles/cmTC_a92eb.dir/link.txt --verbose=1
/usr/bin/cc   -DCHECK_FUNCTION_EXISTS=pthread_create    CMakeFiles/cmTC_a92eb.dir/CheckFunctionExists.c.o  -o cmTC_a92eb -rdynamic -lpthreads 
/usr/bin/ld: cannot find -lpthreads
collect2: error: ld returned 1 exit status
CMakeFiles/cmTC_a92eb.dir/build.make:97: recipe for target 'cmTC_a92eb' failed
make[1]: *** [cmTC_a92eb] Error 1
make[1]: Leaving directory '/home/kris/ROS/RSND/Project4_MapMyWorld/catkin_ws/build/CMakeFiles/CMakeTmp'
Makefile:126: recipe for target 'cmTC_a92eb/fast' failed
make: *** [cmTC_a92eb/fast] Error 2


